<?xml version="1.0" encoding="UTF-8"?>
<!-- Generated by org.testng.reporters.JUnitReportReporter -->
<testsuite skipped="0" hostname="bluepi-HP-EliteBook-840-G1" name="com.abp_news.scripts.HindiHomeTest" tests="1" failures="0" timestamp="13 Sep 2018 05:11:53 GMT" time="42.170" errors="0">
  <testcase name="image" time="42.170" classname="com.abp_news.scripts.HindiHomeTest"/>
</testsuite> <!-- com.abp_news.scripts.HindiHomeTest -->
