<?xml version="1.0" encoding="UTF-8"?>
<!-- Generated by org.testng.reporters.JUnitReportReporter -->
<testsuite skipped="0" hostname="bluepi-HP-EliteBook-840-G1" name="com.abp_news.scripts.hometest" tests="1" failures="0" timestamp="06 Sep 2018 10:43:46 GMT" time="249.754" errors="0">
  <testcase name="linkVerification" time="249.754" classname="com.abp_news.scripts.hometest"/>
</testsuite> <!-- com.abp_news.scripts.hometest -->
