<?xml version="1.0" encoding="UTF-8"?>
<!-- Generated by org.testng.reporters.JUnitReportReporter -->
<testsuite skipped="0" hostname="bluepi-HP-EliteBook-840-G1" name="com.abp_news.generic.WelcomePageTest" tests="1" failures="0" timestamp="31 Aug 2018 08:37:38 GMT" time="10.888" errors="0">
  <testcase name="welcomePage_shouldLookGood_onDesktopDevice" time="10.888" classname="com.abp_news.generic.WelcomePageTest"/>
</testsuite> <!-- com.abp_news.generic.WelcomePageTest -->
