<?xml version="1.0" encoding="UTF-8"?>
<!-- Generated by org.testng.reporters.JUnitReportReporter -->
<testsuite skipped="0" hostname="bluepi-HP-EliteBook-840-G1" name="com.abp_news.generic.BaseLib" tests="1" failures="0" timestamp="03 Sep 2018 05:49:56 GMT" time="14.073" errors="0">
  <testcase name="one" time="14.073" classname="com.abp_news.generic.BaseLib"/>
</testsuite> <!-- com.abp_news.generic.BaseLib -->
