<?xml version="1.0" encoding="UTF-8"?>
<!-- Generated by org.testng.reporters.JUnitReportReporter -->
<testsuite skipped="0" hostname="bluepi-HP-EliteBook-840-G1" name="com.abp_news.scripts.hometest" tests="2" failures="0" timestamp="18 Sep 2018 11:23:05 GMT" time="327.614" errors="0">
  <testcase name="homePageImageVerify" time="99.567" classname="com.abp_news.scripts.hometest"/>
  <testcase name="homePageImageVerify" time="228.047" classname="com.abp_news.scripts.hometest"/>
</testsuite> <!-- com.abp_news.scripts.hometest -->
