<?xml version="1.0" encoding="UTF-8"?>
<!-- Generated by org.testng.reporters.JUnitReportReporter -->
<testsuite skipped="0" hostname="bluepi-HP-EliteBook-840-G1" name="com.abp_news.scripts.hometest" tests="1" failures="0" timestamp="13 Sep 2018 11:53:28 GMT" time="16.876" errors="0">
  <testcase name="hindihomepageVerify" time="16.876" classname="com.abp_news.scripts.hometest"/>
</testsuite> <!-- com.abp_news.scripts.hometest -->
