<?xml version="1.0" encoding="UTF-8"?>
<!-- Generated by org.testng.reporters.JUnitReportReporter -->
<testsuite skipped="0" hostname="bluepi-HP-EliteBook-840-G1" name="com.abp_news.scripts.hometest" tests="1" failures="0" timestamp="10 Sep 2018 11:53:44 GMT" time="6.464" errors="0">
  <testcase name="homepageMiddleSection" time="6.464" classname="com.abp_news.scripts.hometest"/>
</testsuite> <!-- com.abp_news.scripts.hometest -->
